{
  "RSpec": {
    "coverage": {
      "/home/khaledawad/my_api/spec/controllers/products_controller_spec.rb": [
        1,
        null,
        1,
        1,
        3,
        null,
        null,
        1,
        1,
        1,
        1,
        null,
        null,
        null,
        1,
        1,
        1,
        1,
        null,
        null,
        1,
        1,
        1,
        null,
        null,
        null,
        1,
        1,
        1,
        1,
        null,
        null,
        1,
        1,
        1,
        null,
        null,
        null
      ],
      "/home/khaledawad/my_api/app/controllers/products_controller.rb": [
        1,
        1,
        1,
        null,
        null,
        1,
        2,
        1,
        1,
        null,
        1,
        null,
        null,
        1,
        0,
        0,
        null,
        null,
        null,
        null
      ],
      "/home/khaledawad/my_api/app/controllers/application_controller.rb": [
        1,
        1,
        1,
        1,
        null,
        1,
        1,
        4,
        1,
        null,
        null,
        null,
        1,
        1,
        null,
        null
      ],
      "/home/khaledawad/my_api/spec/controllers/users_controller_spec.rb": [
        1,
        null,
        1,
        null,
        null
      ],
      "/home/khaledawad/my_api/app/controllers/users_controller.rb": [
        1,
        1,
        null,
        1,
        null,
        null,
        null,
        null
      ],
      "/home/khaledawad/my_api/spec/models/product_spec.rb": [
        null,
        null,
        null,
        null,
        null,
        null,
        null,
        null,
        null,
        null,
        null,
        null,
        1,
        null,
        1,
        null
      ],
      "/home/khaledawad/my_api/app/models/product.rb": [
        null,
        null,
        null,
        null,
        null,
        null,
        null,
        null,
        null,
        null,
        null,
        null,
        1,
        null,
        null,
        null
      ],
      "/home/khaledawad/my_api/spec/models/user_spec.rb": [
        null,
        null,
        null,
        null,
        null,
        null,
        null,
        null,
        null,
        null,
        null,
        null,
        null,
        null,
        null,
        null,
        null,
        null,
        null,
        1,
        null,
        1,
        1,
        2,
        null,
        2,
        null,
        1,
        1,
        null,
        null,
        1,
        1,
        1,
        1,
        null,
        null,
        null,
        1,
        null,
        null,
        null
      ],
      "/home/khaledawad/my_api/spec/requests/authentication_spec.rb": [
        1,
        null,
        1,
        1,
        1,
        null,
        null,
        null,
        1,
        4,
        5,
        1,
        null,
        3,
        null,
        null,
        null,
        null,
        null,
        null,
        1,
        1,
        3,
        null,
        null,
        1,
        1,
        null,
        null,
        1,
        1,
        null,
        null,
        1,
        1,
        1,
        null,
        null,
        null,
        1,
        2,
        null,
        1,
        1,
        null,
        null,
        null,
        null,
        1,
        2,
        null,
        1,
        1,
        1,
        null,
        null
      ],
      "/home/khaledawad/my_api/app/policies/product_policy.rb": [
        1,
        1,
        null,
        1,
        2,
        null,
        null,
        1,
        0,
        null,
        null,
        1,
        0,
        null,
        null,
        1,
        0,
        null,
        null,
        1,
        0,
        null,
        null,
        1,
        0,
        null,
        null,
        1,
        0,
        null,
        null,
        null
      ],
      "/home/khaledawad/my_api/app/policies/application_policy.rb": [
        1,
        1,
        null,
        1,
        2,
        2,
        null,
        null,
        1,
        0,
        null,
        null,
        1,
        0,
        null,
        null,
        1,
        0,
        null,
        null,
        1,
        0,
        null,
        null,
        1,
        0,
        null,
        null,
        1,
        0,
        null,
        null,
        1,
        0,
        null,
        null,
        1,
        1,
        null,
        1,
        0,
        0,
        null,
        null,
        1,
        0,
        null,
        null,
        null
      ],
      "/home/khaledawad/my_api/app/serializers/product_serializer.rb": [
        null,
        null,
        null,
        null,
        null,
        null,
        null,
        null,
        null,
        null,
        null,
        null,
        1,
        1,
        null
      ],
      "/home/khaledawad/my_api/app/controllers/sessions_controller.rb": [
        1,
        1,
        1,
        1,
        3,
        null,
        1,
        1,
        null,
        null
      ]
    },
    "timestamp": 1574781168
  }
}
